<?xml version="1.0" encoding="UTF-8"?>
<!-- Generated by org.testng.reporters.JUnitReportReporter -->
<testsuite hostname="DESKTOP-2KAIH0U" failures="0" tests="1" name="Parallel_Method.ParallelTestMethod" time="0.030" errors="0" timestamp="2025-03-27T10:10:46 IST" skipped="0">
  <testcase classname="Parallel_Method.ParallelTestMethod" name="testMethod1" time="0.030"/>
  <system-out/>
</testsuite> <!-- Parallel_Method.ParallelTestMethod -->
