<?xml version="1.0" encoding="UTF-8"?>
<!-- Generated by org.testng.reporters.JUnitReportReporter -->
<testsuite hostname="DESKTOP-2KAIH0U" failures="0" tests="4" name="GroupAndDependsOnGroup.TransactionTests" time="0.012" errors="0" timestamp="2025-03-27T15:43:04 IST" skipped="0">
  <testcase classname="GroupAndDependsOnGroup.TransactionTests" name="verifyTransaction" time="0.003"/>
  <system-out/>
  <testcase classname="GroupAndDependsOnGroup.TransactionTests" name="processTransaction" time="0.002"/>
  <system-out/>
  <testcase classname="GroupAndDependsOnGroup.TransactionTests" name="cancelTransaction" time="0.004"/>
  <system-out/>
  <testcase classname="GroupAndDependsOnGroup.TransactionTests" name="initTransaction" time="0.003"/>
  <system-out/>
</testsuite> <!-- GroupAndDependsOnGroup.TransactionTests -->
