<?xml version="1.0" encoding="UTF-8"?>
<!-- Generated by org.testng.reporters.JUnitReportReporter -->
<testsuite hostname="DESKTOP-2KAIH0U" failures="0" tests="4" name="GroupAndDependsOnGroup.UserTests" time="0.022" errors="0" timestamp="2025-03-27T15:43:04 IST" skipped="0">
  <testcase classname="GroupAndDependsOnGroup.UserTests" name="editUser" time="0.002"/>
  <system-out/>
  <testcase classname="GroupAndDependsOnGroup.UserTests" name="createUser" time="0.015"/>
  <system-out/>
  <testcase classname="GroupAndDependsOnGroup.UserTests" name="deleteUser" time="0.003"/>
  <system-out/>
  <testcase classname="GroupAndDependsOnGroup.UserTests" name="viewUser" time="0.002"/>
  <system-out/>
</testsuite> <!-- GroupAndDependsOnGroup.UserTests -->
