<?xml version="1.0" encoding="UTF-8"?>
<!-- Generated by org.testng.reporters.JUnitReportReporter -->
<testsuite hostname="DESKTOP-2KAIH0U" failures="0" tests="3" name="Parallel_Class.ClassTest2" time="0.044" errors="0" timestamp="2025-03-27T10:42:08 IST" skipped="0">
  <testcase classname="Parallel_Class.ClassTest2" name="testE" time="0.033"/>
  <system-out/>
  <testcase classname="Parallel_Class.ClassTest2" name="testF" time="0.004"/>
  <system-out/>
  <testcase classname="Parallel_Class.ClassTest2" name="testG" time="0.007"/>
  <system-out/>
</testsuite> <!-- Parallel_Class.ClassTest2 -->
