<?xml version="1.0" encoding="UTF-8"?>
<!-- Generated by org.testng.reporters.JUnitReportReporter -->
<testsuite hostname="DESKTOP-2KAIH0U" failures="0" tests="3" name="Parallel_Method.ParallelTestMethod1" time="0.077" errors="0" timestamp="2025-03-27T10:17:47 IST" skipped="0">
  <testcase classname="Parallel_Method.ParallelTestMethod1" name="testMethod3" time="0.026"/>
  <system-out/>
  <testcase classname="Parallel_Method.ParallelTestMethod1" name="testMethod1" time="0.025"/>
  <system-out/>
  <testcase classname="Parallel_Method.ParallelTestMethod1" name="testMethod2" time="0.026"/>
  <system-out/>
</testsuite> <!-- Parallel_Method.ParallelTestMethod1 -->
