<?xml version="1.0" encoding="UTF-8"?>
<!-- Generated by org.testng.reporters.JUnitReportReporter -->
<testsuite hostname="DESKTOP-2KAIH0U" failures="0" tests="4" name="DataProvider.DataProvider1" time="0.034" errors="0" timestamp="2025-03-27T12:42:35 IST" skipped="0">
  <testcase classname="DataProvider.DataProvider1" name="sum" time="0.004"/>
  <system-out/>
  <testcase classname="DataProvider.DataProvider1" name="sum" time="0.027"/>
  <system-out/>
  <testcase classname="DataProvider.DataProvider1" name="minus" time="0.001"/>
  <system-out/>
  <testcase classname="DataProvider.DataProvider1" name="minus" time="0.002"/>
  <system-out/>
</testsuite> <!-- DataProvider.DataProvider1 -->
