<?xml version="1.0" encoding="UTF-8"?>
<!-- Generated by org.testng.reporters.JUnitReportReporter -->
<testsuite hostname="DESKTOP-2KAIH0U" failures="0" tests="2" name="Factory.FactoryClass" time="0.034" errors="0" timestamp="2025-03-27T16:46:44 IST" skipped="0">
  <testcase classname="Factory.FactoryClass" name="sumOfFactory" time="0.031"/>
  <system-out/>
  <testcase classname="Factory.FactoryClass" name="sumOfFactory" time="0.003"/>
  <system-out/>
</testsuite> <!-- Factory.FactoryClass -->
