<?xml version="1.0" encoding="UTF-8"?>
<!-- Generated by org.testng.reporters.JUnitReportReporter -->
<testsuite hostname="DESKTOP-2KAIH0U" failures="0" tests="1" name="Parallel_Class.NewTest" time="0.011" errors="0" timestamp="2025-04-04T15:21:14 IST" skipped="0">
  <testcase classname="Parallel_Class.NewTest" name="testA" time="0.011"/>
  <system-out/>
</testsuite> <!-- Parallel_Class.NewTest -->
