<?xml version="1.0" encoding="UTF-8"?>
<!-- Generated by org.testng.reporters.JUnitReportReporter -->
<testsuite hostname="DESKTOP-2KAIH0U" failures="0" tests="7" name="GeneralAttribute.General" time="2.602" errors="0" timestamp="2025-03-27T16:53:10 IST" skipped="1">
  <testcase classname="GeneralAttribute.General" name="testWithInvocationCount" time="0.003"/>
  <system-out/>
  <testcase classname="GeneralAttribute.General" name="testWithInvocationCount" time="0.005"/>
  <system-out/>
  <testcase classname="GeneralAttribute.General" name="testWithInvocationCount" time="0.005"/>
  <system-out/>
  <testcase classname="GeneralAttribute.General" name="testWithExpectedException" time="0.033"/>
  <system-out/>
  <testcase classname="GeneralAttribute.General" name="testWithInvocationTimeout" time="1.547"/>
  <system-out/>
  <testcase classname="GeneralAttribute.General" name="testWithTimeout" time="1.009"/>
  <system-out/>
  <testcase classname="GeneralAttribute.General" name="disabledTest">
    <skipped/>
  </testcase> <!-- disabledTest -->
  <system-out/>
</testsuite> <!-- GeneralAttribute.General -->
