<?xml version="1.0" encoding="UTF-8"?>
<!-- Generated by org.testng.reporters.JUnitReportReporter -->
<testsuite hostname="DESKTOP-2KAIH0U" failures="0" tests="1" name="tests.LoginTest" time="5.905" errors="0" timestamp="2025-03-27T19:55:20 IST" skipped="0">
  <testcase classname="tests.LoginTest" name="loginTest" time="5.905"/>
  <system-out/>
</testsuite> <!-- tests.LoginTest -->
