<?xml version="1.0" encoding="UTF-8"?>
<!-- Generated by org.testng.reporters.JUnitReportReporter -->
<testsuite hostname="DESKTOP-2KAIH0U" failures="0" tests="2" name="Parameter.MathOperations1" time="0.016" errors="0" timestamp="2025-03-27T16:31:10 IST" skipped="0">
  <testcase classname="Parameter.MathOperations1" name="minus1" time="0.014"/>
  <system-out/>
  <testcase classname="Parameter.MathOperations1" name="sum1" time="0.002"/>
  <system-out/>
</testsuite> <!-- Parameter.MathOperations1 -->
