<?xml version="1.0" encoding="UTF-8"?>
<!-- Generated by org.testng.reporters.JUnitReportReporter -->
<testsuite hostname="DESKTOP-2KAIH0U" failures="0" tests="3" name="Parallel_Method.ParallelTestMethod2" time="0.019" errors="0" timestamp="2025-03-27T10:17:47 IST" skipped="0">
  <testcase classname="Parallel_Method.ParallelTestMethod2" name="testMethod6" time="0.008"/>
  <system-out/>
  <testcase classname="Parallel_Method.ParallelTestMethod2" name="testMethod5" time="0.006"/>
  <system-out/>
  <testcase classname="Parallel_Method.ParallelTestMethod2" name="testMethod4" time="0.005"/>
  <system-out/>
</testsuite> <!-- Parallel_Method.ParallelTestMethod2 -->
