<?xml version="1.0" encoding="UTF-8"?>
<!-- Generated by org.testng.reporters.JUnitReportReporter -->
<testsuite hostname="DESKTOP-2KAIH0U" failures="0" tests="2" name="DataProvider.ClassDataProvider" time="0.014" errors="0" timestamp="2025-03-27T12:49:23 IST" skipped="0">
  <testcase classname="DataProvider.ClassDataProvider" name="multiply" time="0.012"/>
  <system-out/>
  <testcase classname="DataProvider.ClassDataProvider" name="multiply" time="0.002"/>
  <system-out/>
</testsuite> <!-- DataProvider.ClassDataProvider -->
