<?xml version="1.0" encoding="UTF-8"?>
<!-- Generated by org.testng.reporters.JUnitReportReporter -->
<testsuite hostname="DESKTOP-2KAIH0U" failures="0" tests="3" name="Parallel_Suite.SuiteTest2" time="0.020" errors="0" timestamp="2025-03-27T11:09:48 IST" skipped="0">
  <testcase classname="Parallel_Suite.SuiteTest2" name="suiteTestD" time="0.016"/>
  <system-out/>
  <testcase classname="Parallel_Suite.SuiteTest2" name="suiteTestF" time="0.002"/>
  <system-out/>
  <testcase classname="Parallel_Suite.SuiteTest2" name="suiteTestE" time="0.002"/>
  <system-out/>
</testsuite> <!-- Parallel_Suite.SuiteTest2 -->
