<?xml version="1.0" encoding="UTF-8"?>
<!-- Generated by org.testng.reporters.JUnitReportReporter -->
<testsuite hostname="DESKTOP-2KAIH0U" failures="0" tests="2" name="DependOnMethod.ProfileTest" time="0.007" errors="0" timestamp="2025-03-27T13:32:08 IST" skipped="0">
  <testcase classname="DependOnMethod.ProfileTest" name="logout" time="0.004"/>
  <system-out/>
  <testcase classname="DependOnMethod.ProfileTest" name="updateProfile" time="0.003"/>
  <system-out/>
</testsuite> <!-- DependOnMethod.ProfileTest -->
