<?xml version="1.0" encoding="UTF-8"?>
<!-- Generated by org.testng.reporters.JUnitReportReporter -->
<testsuite hostname="DESKTOP-2KAIH0U" failures="0" tests="3" name="TestNg.MultiData" time="0.012" errors="0" timestamp="2025-01-28T00:03:48 IST" skipped="0">
  <testcase classname="TestNg.MultiData" name="plus" time="0.001"/>
  <system-out/>
  <testcase classname="TestNg.MultiData" name="plus" time="0.001"/>
  <system-out/>
  <testcase classname="TestNg.MultiData" name="plus" time="0.010"/>
  <system-out/>
</testsuite> <!-- TestNg.MultiData -->
