<?xml version="1.0" encoding="UTF-8"?>
<!-- Generated by org.testng.reporters.JUnitReportReporter -->
<testsuite hostname="DESKTOP-2KAIH0U" failures="0" tests="1" name="SeleniumBasic.Scrooling" time="6.208" errors="0" timestamp="2025-01-23T21:35:16 IST" skipped="0">
  <testcase classname="SeleniumBasic.Scrooling" name="scrollexample" time="6.208"/>
  <system-out/>
</testsuite> <!-- SeleniumBasic.Scrooling -->
