<?xml version="1.0" encoding="UTF-8"?>
<!-- Generated by org.testng.reporters.JUnitReportReporter -->
<testsuite hostname="DESKTOP-2KAIH0U" failures="0" tests="1" name="SeleniumBasic.CheckBox_RadioButton" time="10.338" errors="0" timestamp="2025-01-23T20:20:01 IST" skipped="0">
  <testcase classname="SeleniumBasic.CheckBox_RadioButton" name="launch" time="10.338"/>
  <system-out/>
</testsuite> <!-- SeleniumBasic.CheckBox_RadioButton -->
