<?xml version="1.0" encoding="UTF-8"?>
<!-- Generated by org.testng.reporters.JUnitReportReporter -->
<testsuite hostname="DESKTOP-2KAIH0U" failures="0" tests="1" name="SeleniumBasic.WindowAuthentication" time="7.974" errors="0" timestamp="2025-01-23T20:19:36 IST" skipped="0">
  <testcase classname="SeleniumBasic.WindowAuthentication" name="handleWindowAuthentication" time="7.974"/>
  <system-out/>
</testsuite> <!-- SeleniumBasic.WindowAuthentication -->
