<?xml version="1.0" encoding="UTF-8"?>
<!-- Generated by org.testng.reporters.JUnitReportReporter -->
<testsuite hostname="DESKTOP-2KAIH0U" failures="0" tests="1" name="SeleniumAdvance.Properties_Login" time="14.041" errors="0" timestamp="2025-03-03T12:56:48 IST" skipped="0">
  <testcase classname="SeleniumAdvance.Properties_Login" name="PropertyFileRetrive" time="14.041"/>
  <system-out/>
</testsuite> <!-- SeleniumAdvance.Properties_Login -->
