<?xml version="1.0" encoding="UTF-8"?>
<!-- Generated by org.testng.reporters.JUnitReportReporter -->
<testsuite hostname="DESKTOP-2KAIH0U" failures="0" tests="1" name="SeleniumBasic.Alert" time="13.002" errors="0" timestamp="2025-01-23T20:02:28 IST" skipped="0">
  <testcase classname="SeleniumBasic.Alert" name="handleAlert" time="13.002"/>
  <system-out/>
</testsuite> <!-- SeleniumBasic.Alert -->
