<?xml version="1.0" encoding="UTF-8"?>
<!-- Generated by org.testng.reporters.JUnitReportReporter -->
<testsuite hostname="DESKTOP-2KAIH0U" failures="0" tests="2" name="SeleniumBasic.BootstrapDropdown" time="9.727" errors="0" timestamp="2025-01-23T13:30:01 IST" skipped="0">
  <testcase classname="SeleniumBasic.BootstrapDropdown" name="launch" time="9.589"/>
  <system-out/>
  <testcase classname="SeleniumBasic.BootstrapDropdown" name="select" time="0.138"/>
  <system-out/>
</testsuite> <!-- SeleniumBasic.BootstrapDropdown -->
