<?xml version="1.0" encoding="UTF-8"?>
<!-- Generated by org.testng.reporters.JUnitReportReporter -->
<testsuite hostname="DESKTOP-2KAIH0U" failures="0" tests="1" name="SeleniumBasic.Log4J" time="16.709" errors="0" timestamp="2025-01-28T00:33:18 IST" skipped="0">
  <testcase classname="SeleniumBasic.Log4J" name="launch" time="16.709"/>
  <system-out/>
</testsuite> <!-- SeleniumBasic.Log4J -->
