<?xml version="1.0" encoding="UTF-8"?>
<!-- Generated by org.testng.reporters.JUnitReportReporter -->
<testsuite hostname="DESKTOP-2KAIH0U" failures="0" tests="2" name="SeleniumAdvance.DatePicker" time="8.058" errors="0" timestamp="2025-03-03T11:32:42 IST" skipped="1">
  <testcase classname="SeleniumAdvance.DatePicker" name="datePicker2" time="8.058"/>
  <system-out/>
  <testcase classname="SeleniumAdvance.DatePicker" name="datePicker1">
    <skipped/>
  </testcase> <!-- datePicker1 -->
  <system-out/>
</testsuite> <!-- SeleniumAdvance.DatePicker -->
