<?xml version="1.0" encoding="UTF-8"?>
<!-- Generated by org.testng.reporters.JUnitReportReporter -->
<testsuite hostname="DESKTOP-2KAIH0U" failures="0" tests="1" name="SeleniumBasic.WindowHandle" time="14.550" errors="0" timestamp="2025-01-26T10:54:39 IST" skipped="0">
  <testcase classname="SeleniumBasic.WindowHandle" name="handlewindow" time="14.550"/>
  <system-out/>
</testsuite> <!-- SeleniumBasic.WindowHandle -->
