<?xml version="1.0" encoding="UTF-8"?>
<!-- Generated by org.testng.reporters.JUnitReportReporter -->
<testsuite hostname="DESKTOP-2KAIH0U" failures="0" tests="1" name="SeleniumBasic.Tooltip" time="14.371" errors="0" timestamp="2025-01-23T18:41:28 IST" skipped="0">
  <testcase classname="SeleniumBasic.Tooltip" name="tool" time="14.371"/>
  <system-out/>
</testsuite> <!-- SeleniumBasic.Tooltip -->
