<?xml version="1.0" encoding="UTF-8"?>
<!-- Generated by org.testng.reporters.JUnitReportReporter -->
<testsuite hostname="DESKTOP-2KAIH0U" failures="0" tests="2" name="SeleniumBasic.Screenshot1" time="19.195" errors="0" timestamp="2025-01-26T17:58:21 IST" skipped="0">
  <testcase classname="SeleniumBasic.Screenshot1" name="Screenshot" time="18.869"/>
  <system-out/>
  <testcase classname="SeleniumBasic.Screenshot1" name="captureWebelement" time="0.326"/>
  <system-out/>
</testsuite> <!-- SeleniumBasic.Screenshot1 -->
