<?xml version="1.0" encoding="UTF-8"?>
<!-- Generated by org.testng.reporters.JUnitReportReporter -->
<testsuite hostname="DESKTOP-2KAIH0U" failures="0" tests="3" name="TestNg.DataProvider1" time="0.025" errors="0" timestamp="2025-01-27T23:33:34 IST" skipped="0">
  <testcase classname="TestNg.DataProvider1" name="data" time="0.003"/>
  <system-out/>
  <testcase classname="TestNg.DataProvider1" name="data" time="0.004"/>
  <system-out/>
  <testcase classname="TestNg.DataProvider1" name="data" time="0.018"/>
  <system-out/>
</testsuite> <!-- TestNg.DataProvider1 -->
