<?xml version="1.0" encoding="UTF-8"?>
<!-- Generated by org.testng.reporters.JUnitReportReporter -->
<testsuite hostname="DESKTOP-2KAIH0U" failures="0" tests="2" name="TestNg.Parameter1" time="0.029" errors="0" timestamp="2025-01-27T23:03:04 IST" skipped="0">
  <testcase classname="TestNg.Parameter1" name="Minus" time="0.025"/>
  <system-out/>
  <testcase classname="TestNg.Parameter1" name="sum" time="0.004"/>
  <system-out/>
</testsuite> <!-- TestNg.Parameter1 -->
