<?xml version="1.0" encoding="UTF-8"?>
<!-- Generated by org.testng.reporters.JUnitReportReporter -->
<testsuite hostname="DESKTOP-2KAIH0U" failures="0" tests="4" name="SeleniumBasic.SelectClass" time="16.359" errors="0" timestamp="2025-01-23T12:17:29 IST" skipped="0">
  <testcase classname="SeleniumBasic.SelectClass" name="Launch" time="10.692"/>
  <system-out/>
  <testcase classname="SeleniumBasic.SelectClass" name="selectDate" time="0.482"/>
  <system-out/>
  <testcase classname="SeleniumBasic.SelectClass" name="selectMonth" time="2.207"/>
  <system-out/>
  <testcase classname="SeleniumBasic.SelectClass" name="selectYear" time="2.978"/>
  <system-out/>
</testsuite> <!-- SeleniumBasic.SelectClass -->
