<?xml version="1.0" encoding="UTF-8"?>
<!-- Generated by org.testng.reporters.JUnitReportReporter -->
<testsuite hostname="DESKTOP-2KAIH0U" failures="0" tests="2" name="SeleniumBasic.Deselectclass" time="15.377" errors="0" timestamp="2025-01-23T12:59:38 IST" skipped="0">
  <testcase classname="SeleniumBasic.Deselectclass" name="Launch" time="9.878"/>
  <system-out/>
  <testcase classname="SeleniumBasic.Deselectclass" name="deselect" time="5.499"/>
  <system-out/>
</testsuite> <!-- SeleniumBasic.Deselectclass -->
