<?xml version="1.0" encoding="UTF-8"?>
<!-- Generated by org.testng.reporters.JUnitReportReporter -->
<testsuite hostname="DESKTOP-2KAIH0U" failures="0" tests="1" name="SeleniumBasic.BrokenLink" time="18.526" errors="0" timestamp="2025-01-26T09:36:24 IST" skipped="0">
  <testcase classname="SeleniumBasic.BrokenLink" name="checkLink" time="18.526"/>
  <system-out/>
</testsuite> <!-- SeleniumBasic.BrokenLink -->
