<?xml version="1.0" encoding="UTF-8"?>
<!-- Generated by org.testng.reporters.JUnitReportReporter -->
<testsuite hostname="DESKTOP-2KAIH0U" failures="0" tests="3" name="SeleniumBasic.Action1" time="10.960" errors="0" timestamp="2025-01-23T14:01:56 IST" skipped="0">
  <testcase classname="SeleniumBasic.Action1" name="launch" time="10.338"/>
  <system-out/>
  <testcase classname="SeleniumBasic.Action1" name="operation" time="0.358"/>
  <system-out/>
  <testcase classname="SeleniumBasic.Action1" name="action1" time="0.264"/>
  <system-out/>
</testsuite> <!-- SeleniumBasic.Action1 -->
