<?xml version="1.0" encoding="UTF-8"?>
<!-- Generated by org.testng.reporters.JUnitReportReporter -->
<testsuite hostname="DESKTOP-2KAIH0U" failures="0" tests="1" name="SeleniumBasic.DatePicker" time="10.145" errors="0" timestamp="2025-01-26T12:31:08 IST" skipped="0">
  <testcase classname="SeleniumBasic.DatePicker" name="selectDate" time="10.145"/>
  <system-out/>
</testsuite> <!-- SeleniumBasic.DatePicker -->
