<?xml version="1.0" encoding="UTF-8"?>
<!-- Generated by org.testng.reporters.JUnitReportReporter -->
<testsuite hostname="DESKTOP-2KAIH0U" failures="0" tests="1" name="SeleniumBasic.frame" time="17.199" errors="0" timestamp="2025-01-26T11:58:31 IST" skipped="0">
  <testcase classname="SeleniumBasic.frame" name="frameHandle" time="17.199"/>
  <system-out/>
</testsuite> <!-- SeleniumBasic.frame -->
