<?xml version="1.0" encoding="UTF-8"?>
<!-- Generated by org.testng.reporters.JUnitReportReporter -->
<testsuite hostname="DESKTOP-2KAIH0U" failures="0" tests="2" name="SeleniumBasic.Action2" time="35.386" errors="0" timestamp="2025-01-23T18:21:29 IST" skipped="0">
  <testcase classname="SeleniumBasic.Action2" name="launch" time="34.705"/>
  <system-out/>
  <testcase classname="SeleniumBasic.Action2" name="dragDrop" time="0.681"/>
  <system-out/>
</testsuite> <!-- SeleniumBasic.Action2 -->
